This is pdfTeX, Version 3.141592653-2.6-1.40.22 (TeX Live 2022/dev/Debian) (preloaded format=pdflatex 2024.4.1)  9 JUL 2024 13:13
entering extended mode
 restricted \write18 enabled.
 file:line:error style messages enabled.
 %&-line parsing enabled.
**/home/sanzid/Academia/4th_semester/DataBase_Systems/Assignments/Assignment_3/main.tex
(/home/sanzid/Academia/4th_semester/DataBase_Systems/Assignments/Assignment_3/main.tex
LaTeX2e <2021-11-15> patch level 1
L3 programming layer <2022-01-21> (/usr/share/texlive/texmf-dist/tex/latex/base/article.cls
Document Class: article 2021/10/04 v1.4n Standard LaTeX document class
(/usr/share/texlive/texmf-dist/tex/latex/base/size12.clo
File: size12.clo 2021/10/04 v1.4n Standard LaTeX file (size option)
)
\c@part=\count185
\c@section=\count186
\c@subsection=\count187
\c@subsubsection=\count188
\c@paragraph=\count189
\c@subparagraph=\count190
\c@figure=\count191
\c@table=\count192
\abovecaptionskip=\skip47
\belowcaptionskip=\skip48
\bibindent=\dimen138
) (/usr/share/texlive/texmf-dist/tex/latex/geometry/geometry.sty
Package: geometry 2020/01/02 v5.9 Page Geometry
 (/usr/share/texlive/texmf-dist/tex/latex/graphics/keyval.sty
Package: keyval 2014/10/28 v1.15 key=value parser (DPC)
\KV@toks@=\toks16
) (/usr/share/texlive/texmf-dist/tex/generic/iftex/ifvtex.sty
Package: ifvtex 2019/10/25 v1.7 ifvtex legacy package. Use iftex instead.
 (/usr/share/texlive/texmf-dist/tex/generic/iftex/iftex.sty
Package: iftex 2020/03/06 v1.0d TeX engine tests
))
\Gm@cnth=\count193
\Gm@cntv=\count194
\c@Gm@tempcnt=\count195
\Gm@bindingoffset=\dimen139
\Gm@wd@mp=\dimen140
\Gm@odd@mp=\dimen141
\Gm@even@mp=\dimen142
\Gm@layoutwidth=\dimen143
\Gm@layoutheight=\dimen144
\Gm@layouthoffset=\dimen145
\Gm@layoutvoffset=\dimen146
\Gm@dimlist=\toks17
) (/usr/share/texlive/texmf-dist/tex/latex/graphics/graphicx.sty
Package: graphicx 2021/09/16 v1.2d Enhanced LaTeX Graphics (DPC,SPQR)
 (/usr/share/texlive/texmf-dist/tex/latex/graphics/graphics.sty
Package: graphics 2021/03/04 v1.4d Standard LaTeX Graphics (DPC,SPQR)
 (/usr/share/texlive/texmf-dist/tex/latex/graphics/trig.sty
Package: trig 2021/08/11 v1.11 sin cos tan (DPC)
) (/usr/share/texlive/texmf-dist/tex/latex/graphics-cfg/graphics.cfg
File: graphics.cfg 2016/06/04 v1.11 sample graphics configuration
)
Package graphics Info: Driver file: pdftex.def on input line 107.
 (/usr/share/texlive/texmf-dist/tex/latex/graphics-def/pdftex.def
File: pdftex.def 2020/10/05 v1.2a Graphics/color driver for pdftex
))
\Gin@req@height=\dimen147
\Gin@req@width=\dimen148
) (/usr/share/texlive/texmf-dist/tex/latex/caption/subcaption.sty
Package: subcaption 2020/10/07 v1.3j Sub-captions (AR)
 (/usr/share/texlive/texmf-dist/tex/latex/caption/caption.sty
Package: caption 2020/10/26 v3.5g Customizing captions (AR)
 (/usr/share/texlive/texmf-dist/tex/latex/caption/caption3.sty
Package: caption3 2020/10/21 v2.2e caption3 kernel (AR)
\captionmargin=\dimen149
\captionmargin@=\dimen150
\captionwidth=\dimen151
\caption@tempdima=\dimen152
\caption@indent=\dimen153
\caption@parindent=\dimen154
\caption@hangindent=\dimen155
Package caption Info: Standard document class detected.
)
\c@caption@flags=\count196
\c@continuedfloat=\count197
)
\c@subfigure=\count198
\c@subtable=\count199
) (/usr/share/texlive/texmf-dist/tex/latex/setspace/setspace.sty
Package: setspace 2011/12/19 v6.7a set line spacing
) (/usr/share/texlive/texmf-dist/tex/latex/xcolor/xcolor.sty
Package: xcolor 2021/10/31 v2.13 LaTeX color extensions (UK)
 (/usr/share/texlive/texmf-dist/tex/latex/graphics-cfg/color.cfg
File: color.cfg 2016/01/02 v1.6 sample color configuration
)
Package xcolor Info: Driver file: pdftex.def on input line 227.
Package xcolor Info: Model `cmy' substituted by `cmy0' on input line 1352.
Package xcolor Info: Model `hsb' substituted by `rgb' on input line 1356.
Package xcolor Info: Model `RGB' extended on input line 1368.
Package xcolor Info: Model `HTML' substituted by `rgb' on input line 1370.
Package xcolor Info: Model `Hsb' substituted by `hsb' on input line 1371.
Package xcolor Info: Model `tHsb' substituted by `hsb' on input line 1372.
Package xcolor Info: Model `HSB' substituted by `hsb' on input line 1373.
Package xcolor Info: Model `Gray' substituted by `gray' on input line 1374.
Package xcolor Info: Model `wave' substituted by `hsb' on input line 1375.
) (/usr/share/texlive/texmf-dist/tex/latex/listings/listings.sty
\lst@mode=\count266
\lst@gtempboxa=\box50
\lst@token=\toks18
\lst@length=\count267
\lst@currlwidth=\dimen156
\lst@column=\count268
\lst@pos=\count269
\lst@lostspace=\dimen157
\lst@width=\dimen158
\lst@newlines=\count270
\lst@lineno=\count271
\lst@maxwidth=\dimen159
 (/usr/share/texlive/texmf-dist/tex/latex/listings/lstmisc.sty
File: lstmisc.sty 2020/03/24 1.8d (Carsten Heinz)
\c@lstnumber=\count272
\lst@skipnumbers=\count273
\lst@framebox=\box51
) (/usr/share/texlive/texmf-dist/tex/latex/listings/listings.cfg
File: listings.cfg 2020/03/24 1.8d listings configuration
))
Package: listings 2020/03/24 1.8d (Carsten Heinz)
 (/usr/share/texlive/texmf-dist/tex/latex/enumitem/enumitem.sty
Package: enumitem 2019/06/20 v3.9 Customized lists
\labelindent=\skip49
\enit@outerparindent=\dimen160
\enit@toks=\toks19
\enit@inbox=\box52
\enit@count@id=\count274
\enitdp@description=\count275
) (/usr/share/texlive/texmf-dist/tex/latex/tools/tabularx.sty
Package: tabularx 2020/01/15 v2.11c `tabularx' package (DPC)
 (/usr/share/texlive/texmf-dist/tex/latex/tools/array.sty
Package: array 2021/10/04 v2.5f Tabular extension package (FMi)
\col@sep=\dimen161
\ar@mcellbox=\box53
\extrarowheight=\dimen162
\NC@list=\toks20
\extratabsurround=\skip50
\backup@length=\skip51
\ar@cellbox=\box54
)
\TX@col@width=\dimen163
\TX@old@table=\dimen164
\TX@old@col=\dimen165
\TX@target=\dimen166
\TX@delta=\dimen167
\TX@cols=\count276
\TX@ftn=\toks21
) (/usr/share/texlive/texmf-dist/tex/latex/listings/lstlang1.sty
File: lstlang1.sty 2020/03/24 1.8d listings language file
) (/usr/share/texlive/texmf-dist/tex/latex/l3backend/l3backend-pdftex.def
File: l3backend-pdftex.def 2022-01-12 L3 backend support: PDF output (pdfTeX)
\l__color_backend_stack_int=\count277
\l__pdf_internal_box=\box55
) (./main.aux)
\openout1 = `main.aux'.

LaTeX Font Info:    Checking defaults for OML/cmm/m/it on input line 37.
LaTeX Font Info:    ... okay on input line 37.
LaTeX Font Info:    Checking defaults for OMS/cmsy/m/n on input line 37.
LaTeX Font Info:    ... okay on input line 37.
LaTeX Font Info:    Checking defaults for OT1/cmr/m/n on input line 37.
LaTeX Font Info:    ... okay on input line 37.
LaTeX Font Info:    Checking defaults for T1/cmr/m/n on input line 37.
LaTeX Font Info:    ... okay on input line 37.
LaTeX Font Info:    Checking defaults for TS1/cmr/m/n on input line 37.
LaTeX Font Info:    ... okay on input line 37.
LaTeX Font Info:    Checking defaults for OMX/cmex/m/n on input line 37.
LaTeX Font Info:    ... okay on input line 37.
LaTeX Font Info:    Checking defaults for U/cmr/m/n on input line 37.
LaTeX Font Info:    ... okay on input line 37.

*geometry* driver: auto-detecting
*geometry* detected driver: pdftex
*geometry* verbose mode - [ preamble ] result:
* driver: pdftex
* paper: a4paper
* layout: <same size as paper>
* layoutoffset:(h,v)=(0.0pt,0.0pt)
* modes: 
* h-part:(L,W,R)=(72.26999pt, 452.9679pt, 72.26999pt)
* v-part:(T,H,B)=(72.26999pt, 700.50687pt, 72.26999pt)
* \paperwidth=597.50787pt
* \paperheight=845.04684pt
* \textwidth=452.9679pt
* \textheight=700.50687pt
* \oddsidemargin=0.0pt
* \evensidemargin=0.0pt
* \topmargin=-37.0pt
* \headheight=12.0pt
* \headsep=25.0pt
* \topskip=12.0pt
* \footskip=30.0pt
* \marginparwidth=35.0pt
* \marginparsep=10.0pt
* \columnsep=10.0pt
* \skip\footins=10.8pt plus 4.0pt minus 2.0pt
* \hoffset=0.0pt
* \voffset=0.0pt
* \mag=1000
* \@twocolumnfalse
* \@twosidefalse
* \@mparswitchfalse
* \@reversemarginfalse
* (1in=72.27pt=25.4mm, 1cm=28.453pt)

(/usr/share/texlive/texmf-dist/tex/context/base/mkii/supp-pdf.mkii
[Loading MPS to PDF converter (version 2006.09.02).]
\scratchcounter=\count278
\scratchdimen=\dimen168
\scratchbox=\box56
\nofMPsegments=\count279
\nofMParguments=\count280
\everyMPshowfont=\toks22
\MPscratchCnt=\count281
\MPscratchDim=\dimen169
\MPnumerator=\count282
\makeMPintoPDFobject=\count283
\everyMPtoPDFconversion=\toks23
) (/usr/share/texlive/texmf-dist/tex/latex/epstopdf-pkg/epstopdf-base.sty
Package: epstopdf-base 2020-01-24 v2.11 Base part for package epstopdf
Package epstopdf-base Info: Redefining graphics rule for `.eps' on input line 485.
 (/usr/share/texlive/texmf-dist/tex/latex/latexconfig/epstopdf-sys.cfg
File: epstopdf-sys.cfg 2010/07/13 v1.3 Configuration of (r)epstopdf for TeX Live
))
Package caption Info: Begin \AtBeginDocument code.
Package caption Info: listings package is loaded.
Package caption Info: End \AtBeginDocument code.
\c@lstlisting=\count284
 (./cover.tex
<university_logo.png, id=1, 726.715pt x 1027.84pt>
File: university_logo.png Graphic file (type png)
<use university_logo.png>
Package pdftex.def Info: university_logo.png  used on input line 6.
(pdftex.def)             Requested size: 90.5922pt x 128.11896pt.
LaTeX Font Info:    External font `cmex10' loaded for size
(Font)              <12> on input line 19.
LaTeX Font Info:    External font `cmex10' loaded for size
(Font)              <8> on input line 19.
LaTeX Font Info:    External font `cmex10' loaded for size
(Font)              <6> on input line 19.
) [1

{/var/lib/texmf/fonts/map/pdftex/updmap/pdftex.map} <./university_logo.png>]
<graphics/61.png, id=12, 1518.67375pt x 327.2225pt>
File: graphics/61.png Graphic file (type png)
<use graphics/61.png>
Package pdftex.def Info: graphics/61.png  used on input line 52.
(pdftex.def)             Requested size: 271.7835pt x 58.55798pt.
<graphics/62.png, id=13, 1143.27126pt x 931.48pt>
File: graphics/62.png Graphic file (type png)
<use graphics/62.png>
Package pdftex.def Info: graphics/62.png  used on input line 64.
(pdftex.def)             Requested size: 271.7835pt x 221.42778pt.
 [2 <./graphics/61.png> <./graphics/62.png>]
<graphics/63.png, id=19, 1316.92pt x 205.76875pt>
File: graphics/63.png Graphic file (type png)
<use graphics/63.png>
Package pdftex.def Info: graphics/63.png  used on input line 77.
(pdftex.def)             Requested size: 181.18439pt x 28.3082pt.
<graphics/64.png, id=20, 623.32875pt x 740.7675pt>
File: graphics/64.png Graphic file (type png)
<use graphics/64.png>
Package pdftex.def Info: graphics/64.png  used on input line 90.
(pdftex.def)             Requested size: 158.54152pt x 188.41283pt.

Overfull \hbox (16.6947pt too wide) in paragraph at lines 84--92
\OT1/cmr/m/n/12 Emp#, Man-ager, and Mgr#, re-spec-tively. Save your SQL state-ment as \OT1/cmtt/m/n/12 lab[]06[]04.sql\OT1/cmr/m/n/12 .
 []

[3 <./graphics/63.png> <./graphics/64.png>]
<graphics/65.png, id=27, 612.2875pt x 598.235pt>
File: graphics/65.png Graphic file (type png)
<use graphics/65.png>
Package pdftex.def Info: graphics/65.png  used on input line 105.
(pdftex.def)             Requested size: 135.89174pt x 132.7714pt.
 [4 <./graphics/65.png>]
<graphics/66.png, id=32, 661.47125pt x 548.0475pt>
File: graphics/66.png Graphic file (type png)
<use graphics/66.png>
Package pdftex.def Info: graphics/66.png  used on input line 119.
(pdftex.def)             Requested size: 135.89174pt x 112.58461pt.
<graphics/67.1.png, id=33, 803.0pt x 314.17375pt>
File: graphics/67.1.png Graphic file (type png)
<use graphics/67.1.png>
Package pdftex.def Info: graphics/67.1.png  used on input line 134.
(pdftex.def)             Requested size: 135.89174pt x 53.16434pt.
 [5 <./graphics/66.png> <./graphics/67.1.png>]
<graphics/68.png, id=39, 420.57124pt x 394.47375pt>
File: graphics/68.png Graphic file (type png)
<use graphics/68.png>
Package pdftex.def Info: graphics/68.png  used on input line 148.
(pdftex.def)             Requested size: 135.89174pt x 127.45607pt.
<graphics/69.png, id=40, 780.9175pt x 429.605pt>
File: graphics/69.png Graphic file (type png)
<use graphics/69.png>
Package pdftex.def Info: graphics/69.png  used on input line 162.
(pdftex.def)             Requested size: 135.89174pt x 74.7559pt.
<graphics/71.png, id=41, 565.11125pt x 479.7925pt>
File: graphics/71.png Graphic file (type png)
<use graphics/71.png>
Package pdftex.def Info: graphics/71.png  used on input line 195.
(pdftex.def)             Requested size: 271.7835pt x 230.75168pt.


LaTeX Warning: `h' float specifier changed to `ht'.

<graphics/72.png, id=42, 765.86125pt x 466.74374pt>
File: graphics/72.png Graphic file (type png)
<use graphics/72.png>
Package pdftex.def Info: graphics/72.png  used on input line 207.
(pdftex.def)             Requested size: 271.7835pt x 165.63464pt.

LaTeX Warning: `h' float specifier changed to `ht'.

[6 <./graphics/68.png> <./graphics/69.png>]
<graphics/73.png, id=48, 598.235pt x 467.7475pt>
File: graphics/73.png Graphic file (type png)
<use graphics/73.png>
Package pdftex.def Info: graphics/73.png  used on input line 221.
(pdftex.def)             Requested size: 181.18439pt x 141.66713pt.


LaTeX Warning: `h' float specifier changed to `ht'.

<graphics/74.png, id=49, 813.0375pt x 365.365pt>
File: graphics/74.png Graphic file (type png)
<use graphics/74.png>
Package pdftex.def Info: graphics/74.png  used on input line 233.
(pdftex.def)             Requested size: 158.54152pt x 71.24309pt.

LaTeX Warning: `h' float specifier changed to `ht'.

[7 <./graphics/71.png> <./graphics/72.png>]
<graphics/75.png, id=56, 537.00626pt x 326.21875pt>
File: graphics/75.png Graphic file (type png)
<use graphics/75.png>
Package pdftex.def Info: graphics/75.png  used on input line 249.
(pdftex.def)             Requested size: 135.89174pt x 82.55002pt.
<graphics/76.png, id=57, 777.90625pt x 221.82875pt>
File: graphics/76.png Graphic file (type png)
<use graphics/76.png>
Package pdftex.def Info: graphics/76.png  used on input line 263.
(pdftex.def)             Requested size: 135.89174pt x 38.74953pt.


LaTeX Warning: `h' float specifier changed to `ht'.

<graphics/77.png, id=58, 773.89125pt x 126.4725pt>
File: graphics/77.png Graphic file (type png)
<use graphics/77.png>
Package pdftex.def Info: graphics/77.png  used on input line 279.
(pdftex.def)             Requested size: 135.89174pt x 22.20827pt.

LaTeX Warning: `h' float specifier changed to `ht'.

[8 <./graphics/73.png> <./graphics/74.png> <./graphics/75.png>] [9 <./graphics/76.png> <./graphics/77.png>] (./main.aux) ) 
Here is how much of TeX's memory you used:
 6150 strings out of 478287
 97448 string characters out of 5849290
 578262 words of memory out of 5000000
 24305 multiletter control sequences out of 15000+600000
 473682 words of font info for 43 fonts, out of 8000000 for 9000
 1141 hyphenation exceptions out of 8191
 67i,7n,77p,378b,1428s stack positions out of 5000i,500n,10000p,200000b,80000s
</usr/share/texlive/texmf-dist/fonts/type1/public/amsfonts/cm/cmbx12.pfb></usr/share/texlive/texmf-dist/fonts/type1/public/amsfonts/cm/cmr12.pfb></usr/share/texlive/texmf-dist/fonts/type1/public/amsfonts/cm/cmr17.pfb></usr/share/texlive/texmf-dist/fonts/type1/public/amsfonts/cm/cmtt12.pfb>
Output written on main.pdf (9 pages, 1515629 bytes).
PDF statistics:
 89 PDF objects out of 1000 (max. 8388607)
 35 compressed objects within 1 object stream
 0 named destinations out of 1000 (max. 500000)
 86 words of extra memory for PDF output out of 10000 (max. 10000000)

